[ 2026-05-31 19:11:15,544 ] 1025 httpx - INFO - HTTP Request: GET https://dagshub.com/api/v1/user "HTTP/1.1 200 OK"
[ 2026-05-31 19:11:15,553 ] 107 dagshub - INFO - Accessing as Chinmaypalshetkar74
[ 2026-05-31 19:11:16,373 ] 1025 httpx - INFO - HTTP Request: GET https://dagshub.com/api/v1/repos/Chinmaypalshetkar74/Network_security "HTTP/1.1 200 OK"
[ 2026-05-31 19:11:16,745 ] 1025 httpx - INFO - HTTP Request: GET https://dagshub.com/api/v1/user "HTTP/1.1 200 OK"
[ 2026-05-31 19:11:16,746 ] 107 dagshub - INFO - Initialized MLflow to track repo "Chinmaypalshetkar74/Network_security"
[ 2026-05-31 19:11:16,747 ] 107 dagshub - INFO - Repository Chinmaypalshetkar74/Network_security initialized!
[ 2026-05-31 19:13:19,897 ] 73 root - INFO - Starting Data Ingestion
[ 2026-05-31 19:13:21,625 ] 136 root - INFO - Train/Test split completed
[ 2026-05-31 19:13:21,626 ] 82 root - INFO - Data Ingestion Completed
[ 2026-05-31 19:13:21,644 ] 121 root - INFO - Starting Data Validation
[ 2026-05-31 19:13:21,767 ] 78 root - INFO - Required columns: 31
[ 2026-05-31 19:13:21,767 ] 82 root - INFO - Available columns: 31
[ 2026-05-31 19:13:21,767 ] 78 root - INFO - Required columns: 31
[ 2026-05-31 19:13:21,767 ] 82 root - INFO - Available columns: 31
[ 2026-05-31 19:13:22,084 ] 130 root - INFO - Data Validation Completed
[ 2026-05-31 19:13:22,085 ] 169 root - INFO - Starting Data Transformation
[ 2026-05-31 19:13:22,085 ] 97 root - INFO - Entered initiate_data_transformation method
[ 2026-05-31 19:13:22,085 ] 103 root - INFO - Starting Data Transformation
[ 2026-05-31 19:13:22,203 ] 67 root - INFO - Entered get_data_transformer_object method
[ 2026-05-31 19:13:22,203 ] 77 root - INFO - KNNImputer initialized with {'missing_values': nan, 'n_neighbors': 3, 'weights': 'uniform'}
[ 2026-05-31 19:13:22,229 ] 51 root - INFO - Entered the save_object method of Main_utils class
[ 2026-05-31 19:13:22,234 ] 51 root - INFO - Entered the save_object method of Main_utils class
[ 2026-05-31 19:13:22,240 ] 233 root - INFO - Data Transformation Completed
[ 2026-05-31 19:13:22,243 ] 178 root - INFO - Data Transformation Completed
[ 2026-05-31 19:13:22,243 ] 220 root - INFO - Starting Model Training
[ 2026-05-31 19:15:12,898 ] 869 urllib3.connectionpool - WARNING - Retrying (Retry(total=6, connect=7, read=6, redirect=7, status=7)) after connection broken by 'ConnectionResetError(10054, 'An existing connection was forcibly closed by the remote host', None, 10054, None)': /Chinmaypalshetkar74/Network_security.mlflow/api/2.0/mlflow/runs/create
[ 2026-05-31 19:16:26,316 ] 60 root - INFO - Entered the load_object method of Main_utils class
[ 2026-05-31 19:16:26,339 ] 51 root - INFO - Entered the save_object method of Main_utils class
[ 2026-05-31 19:16:26,360 ] 51 root - INFO - Entered the save_object method of Main_utils class
[ 2026-05-31 19:16:26,376 ] 296 root - INFO - Model trainer artifact: ModelTrainerArtifact(trained_model_file_path='Artifacts\\05-31-2026-19-13-19\\Model_Trainer\\trained_model\\model.pkl', train_metric_artifact=ClassificationMetricArtifact(f1_score=0.9915573186857899, precision_score=0.9888415500101441, recall_score=0.9942880456956344), test_metric_artifact=ClassificationMetricArtifact(f1_score=0.970344009489917, precision_score=0.9631083202511774, recall_score=0.9776892430278884))
[ 2026-05-31 19:16:26,378 ] 229 root - INFO - Model Training Completed
