[ 2026-05-31 12:37:39,789 ] 1025 httpx - INFO - HTTP Request: GET https://dagshub.com/api/v1/user "HTTP/1.1 200 OK"
[ 2026-05-31 12:37:39,797 ] 107 dagshub - INFO - Accessing as Chinmaypalshetkar74
[ 2026-05-31 12:37:40,647 ] 1025 httpx - INFO - HTTP Request: GET https://dagshub.com/api/v1/repos/Chinmaypalshetkar74/Network_security "HTTP/1.1 200 OK"
[ 2026-05-31 12:37:41,391 ] 1025 httpx - INFO - HTTP Request: GET https://dagshub.com/api/v1/user "HTTP/1.1 200 OK"
[ 2026-05-31 12:37:41,391 ] 107 dagshub - INFO - Initialized MLflow to track repo "Chinmaypalshetkar74/Network_security"
[ 2026-05-31 12:37:41,402 ] 107 dagshub - INFO - Repository Chinmaypalshetkar74/Network_security initialized!
[ 2026-05-31 12:37:41,451 ] 52 root - INFO - Starting Data Ingestion
[ 2026-05-31 12:37:42,409 ] 136 root - INFO - Train/Test split completed
[ 2026-05-31 12:37:42,409 ] 75 root - INFO - Data Ingestion Completed
[ 2026-05-31 12:37:42,409 ] 83 root - INFO - Starting Data Validation
[ 2026-05-31 12:37:42,519 ] 78 root - INFO - Required columns: 31
[ 2026-05-31 12:37:42,519 ] 82 root - INFO - Available columns: 31
[ 2026-05-31 12:37:42,519 ] 78 root - INFO - Required columns: 31
[ 2026-05-31 12:37:42,519 ] 82 root - INFO - Available columns: 31
[ 2026-05-31 12:37:42,669 ] 107 root - INFO - Data Validation Completed
[ 2026-05-31 12:37:42,669 ] 115 root - INFO - Starting Data Transformation
[ 2026-05-31 12:37:42,669 ] 97 root - INFO - Entered initiate_data_transformation method
[ 2026-05-31 12:37:42,669 ] 103 root - INFO - Starting Data Transformation
[ 2026-05-31 12:37:42,790 ] 67 root - INFO - Entered get_data_transformer_object method
[ 2026-05-31 12:37:42,790 ] 77 root - INFO - KNNImputer initialized with {'missing_values': nan, 'n_neighbors': 3, 'weights': 'uniform'}
[ 2026-05-31 12:37:42,813 ] 51 root - INFO - Entered the save_object method of Main_utils class
[ 2026-05-31 12:37:42,818 ] 51 root - INFO - Entered the save_object method of Main_utils class
[ 2026-05-31 12:37:42,820 ] 233 root - INFO - Data Transformation Completed
[ 2026-05-31 12:37:42,822 ] 141 root - INFO - Data Transformation Completed
[ 2026-05-31 12:37:42,822 ] 149 root - INFO - Starting Model Training
[ 2026-05-31 12:43:54,691 ] 60 root - INFO - Entered the load_object method of Main_utils class
[ 2026-05-31 12:43:54,702 ] 51 root - INFO - Entered the save_object method of Main_utils class
[ 2026-05-31 12:43:54,734 ] 51 root - INFO - Entered the save_object method of Main_utils class
[ 2026-05-31 12:43:54,766 ] 296 root - INFO - Model trainer artifact: ModelTrainerArtifact(trained_model_file_path='Artifacts\\05-31-2026-12-37-41\\Model_Trainer\\trained_model\\model.pkl', train_metric_artifact=ClassificationMetricArtifact(f1_score=0.9915556007732221, precision_score=0.9890399837629389, recall_score=0.9940840473276213), test_metric_artifact=ClassificationMetricArtifact(f1_score=0.9707509881422924, precision_score=0.9631372549019608, recall_score=0.9784860557768924))
[ 2026-05-31 12:43:54,771 ] 178 root - INFO - Model Training Completed
