[ 2026-05-31 19:07:05,232 ] 1025 httpx - INFO - HTTP Request: GET https://dagshub.com/api/v1/user "HTTP/1.1 200 OK"
[ 2026-05-31 19:07:05,242 ] 107 dagshub - INFO - Accessing as Chinmaypalshetkar74
[ 2026-05-31 19:07:05,990 ] 1025 httpx - INFO - HTTP Request: GET https://dagshub.com/api/v1/repos/Chinmaypalshetkar74/Network_security "HTTP/1.1 200 OK"
[ 2026-05-31 19:07:06,755 ] 1025 httpx - INFO - HTTP Request: GET https://dagshub.com/api/v1/user "HTTP/1.1 200 OK"
[ 2026-05-31 19:07:06,758 ] 107 dagshub - INFO - Initialized MLflow to track repo "Chinmaypalshetkar74/Network_security"
[ 2026-05-31 19:07:06,760 ] 107 dagshub - INFO - Repository Chinmaypalshetkar74/Network_security initialized!
[ 2026-05-31 19:07:07,551 ] 52 root - INFO - Starting Data Ingestion
[ 2026-05-31 19:07:08,592 ] 136 root - INFO - Train/Test split completed
[ 2026-05-31 19:07:08,593 ] 75 root - INFO - Data Ingestion Completed
[ 2026-05-31 19:07:08,593 ] 83 root - INFO - Starting Data Validation
[ 2026-05-31 19:07:08,726 ] 78 root - INFO - Required columns: 31
[ 2026-05-31 19:07:08,726 ] 82 root - INFO - Available columns: 31
[ 2026-05-31 19:07:08,726 ] 78 root - INFO - Required columns: 31
[ 2026-05-31 19:07:08,727 ] 82 root - INFO - Available columns: 31
[ 2026-05-31 19:07:08,878 ] 107 root - INFO - Data Validation Completed
[ 2026-05-31 19:07:08,879 ] 115 root - INFO - Starting Data Transformation
[ 2026-05-31 19:07:08,879 ] 97 root - INFO - Entered initiate_data_transformation method
[ 2026-05-31 19:07:08,879 ] 103 root - INFO - Starting Data Transformation
[ 2026-05-31 19:07:08,993 ] 67 root - INFO - Entered get_data_transformer_object method
[ 2026-05-31 19:07:08,994 ] 77 root - INFO - KNNImputer initialized with {'missing_values': nan, 'n_neighbors': 3, 'weights': 'uniform'}
[ 2026-05-31 19:07:09,005 ] 51 root - INFO - Entered the save_object method of Main_utils class
[ 2026-05-31 19:07:09,008 ] 51 root - INFO - Entered the save_object method of Main_utils class
[ 2026-05-31 19:07:09,011 ] 233 root - INFO - Data Transformation Completed
[ 2026-05-31 19:07:09,012 ] 141 root - INFO - Data Transformation Completed
[ 2026-05-31 19:07:09,012 ] 149 root - INFO - Starting Model Training
[ 2026-05-31 19:09:06,916 ] 60 root - INFO - Entered the load_object method of Main_utils class
[ 2026-05-31 19:09:06,928 ] 51 root - INFO - Entered the save_object method of Main_utils class
[ 2026-05-31 19:09:06,953 ] 51 root - INFO - Entered the save_object method of Main_utils class
[ 2026-05-31 19:09:06,978 ] 296 root - INFO - Model trainer artifact: ModelTrainerArtifact(trained_model_file_path='Artifacts\\05-31-2026-19-07-07\\Model_Trainer\\trained_model\\model.pkl', train_metric_artifact=ClassificationMetricArtifact(f1_score=0.991559035899522, precision_score=0.9886432772257149, recall_score=0.9944920440636474), test_metric_artifact=ClassificationMetricArtifact(f1_score=0.9699367088607594, precision_score=0.9630793401413983, recall_score=0.9768924302788845))
[ 2026-05-31 19:09:06,980 ] 178 root - INFO - Model Training Completed
