[ 2026-05-31 12:22:30,029 ] 1025 httpx - INFO - HTTP Request: GET https://dagshub.com/api/v1/user "HTTP/1.1 200 OK"
[ 2026-05-31 12:22:30,062 ] 107 dagshub - INFO - Accessing as Chinmaypalshetkar74
[ 2026-05-31 12:22:31,265 ] 1025 httpx - INFO - HTTP Request: GET https://dagshub.com/api/v1/repos/Chinmaypalshetkar74/Network_security "HTTP/1.1 200 OK"
[ 2026-05-31 12:22:32,059 ] 1025 httpx - INFO - HTTP Request: GET https://dagshub.com/api/v1/user "HTTP/1.1 200 OK"
[ 2026-05-31 12:22:32,059 ] 107 dagshub - INFO - Initialized MLflow to track repo "Chinmaypalshetkar74/Network_security"
[ 2026-05-31 12:22:32,074 ] 107 dagshub - INFO - Repository Chinmaypalshetkar74/Network_security initialized!
[ 2026-05-31 12:22:32,153 ] 52 root - INFO - Starting Data Ingestion
[ 2026-05-31 12:22:33,020 ] 136 root - INFO - Train/Test split completed
[ 2026-05-31 12:22:33,020 ] 75 root - INFO - Data Ingestion Completed
[ 2026-05-31 12:22:33,020 ] 83 root - INFO - Starting Data Validation
[ 2026-05-31 12:22:33,138 ] 78 root - INFO - Required columns: 31
[ 2026-05-31 12:22:33,138 ] 82 root - INFO - Available columns: 31
[ 2026-05-31 12:22:33,138 ] 78 root - INFO - Required columns: 31
[ 2026-05-31 12:22:33,138 ] 82 root - INFO - Available columns: 31
[ 2026-05-31 12:22:33,301 ] 107 root - INFO - Data Validation Completed
[ 2026-05-31 12:22:33,301 ] 115 root - INFO - Starting Data Transformation
[ 2026-05-31 12:22:33,301 ] 97 root - INFO - Entered initiate_data_transformation method
[ 2026-05-31 12:22:33,301 ] 103 root - INFO - Starting Data Transformation
[ 2026-05-31 12:22:33,399 ] 67 root - INFO - Entered get_data_transformer_object method
[ 2026-05-31 12:22:33,399 ] 77 root - INFO - KNNImputer initialized with {'missing_values': nan, 'n_neighbors': 3, 'weights': 'uniform'}
[ 2026-05-31 12:22:33,416 ] 51 root - INFO - Entered the save_object method of Main_utils class
[ 2026-05-31 12:22:33,417 ] 231 root - INFO - Data Transformation Completed
[ 2026-05-31 12:22:33,417 ] 141 root - INFO - Data Transformation Completed
[ 2026-05-31 12:22:33,417 ] 149 root - INFO - Starting Model Training
[ 2026-05-31 12:29:08,523 ] 60 root - INFO - Entered the load_object method of Main_utils class
[ 2026-05-31 12:29:08,550 ] 51 root - INFO - Entered the save_object method of Main_utils class
[ 2026-05-31 12:29:08,615 ] 292 root - INFO - Model trainer artifact: ModelTrainerArtifact(trained_model_file_path='Artifacts\\05-31-2026-12-22-32\\Model_Trainer\\trained_model\\model.pkl', train_metric_artifact=ClassificationMetricArtifact(f1_score=0.9913573970513472, precision_score=0.988242448814109, recall_score=0.9944920440636474), test_metric_artifact=ClassificationMetricArtifact(f1_score=0.9712258573117856, precision_score=0.9609984399375975, recall_score=0.9816733067729083))
[ 2026-05-31 12:29:08,619 ] 178 root - INFO - Model Training Completed
